2024-02-06T09:52:42.645+01:00  INFO 28564 --- [main] d.aittr.g_31_2_shop.G312ShopApplication  : Starting G312ShopApplication using Java 17.0.9 with PID 28564 (C:\AIT\Back-end\g_31_2_shop\target\classes started by Тетяна in C:\AIT\Back-end\g_31_2_shop)
2024-02-06T09:52:42.653+01:00  INFO 28564 --- [main] d.aittr.g_31_2_shop.G312ShopApplication  : No active profile set, falling back to 1 default profile: "default"
2024-02-06T09:52:43.610+01:00  INFO 28564 --- [main] .s.d.r.c.RepositoryConfigurationDelegate : Bootstrapping Spring Data JPA repositories in DEFAULT mode.
2024-02-06T09:52:43.688+01:00  INFO 28564 --- [main] .s.d.r.c.RepositoryConfigurationDelegate : Finished Spring Data repository scanning in 68 ms. Found 2 JPA repository interfaces.
2024-02-06T09:52:44.363+01:00  INFO 28564 --- [main] o.s.b.w.embedded.tomcat.TomcatWebServer  : Tomcat initialized with port(s): 8080 (http)
2024-02-06T09:52:44.372+01:00  INFO 28564 --- [main] o.apache.catalina.core.StandardService   : Starting service [Tomcat]
2024-02-06T09:52:44.373+01:00  INFO 28564 --- [main] o.apache.catalina.core.StandardEngine    : Starting Servlet engine: [Apache Tomcat/10.1.15]
2024-02-06T09:52:44.461+01:00  INFO 28564 --- [main] o.a.c.c.C.[Tomcat].[localhost].[/]       : Initializing Spring embedded WebApplicationContext
2024-02-06T09:52:44.462+01:00  INFO 28564 --- [main] w.s.c.ServletWebServerApplicationContext : Root WebApplicationContext: initialization completed in 1758 ms
2024-02-06T09:52:44.635+01:00  INFO 28564 --- [main] o.hibernate.jpa.internal.util.LogHelper  : HHH000204: Processing PersistenceUnitInfo [name: default]
2024-02-06T09:52:44.693+01:00  INFO 28564 --- [main] org.hibernate.Version                    : HHH000412: Hibernate ORM core version 6.2.13.Final
2024-02-06T09:52:44.695+01:00  INFO 28564 --- [main] org.hibernate.cfg.Environment            : HHH000406: Using bytecode reflection optimizer
2024-02-06T09:52:44.967+01:00  INFO 28564 --- [main] o.s.o.j.p.SpringPersistenceUnitInfo      : No LoadTimeWeaver setup: ignoring JPA class transformer
2024-02-06T09:52:44.996+01:00  INFO 28564 --- [main] com.zaxxer.hikari.HikariDataSource       : HikariPool-1 - Starting...
2024-02-06T09:52:45.352+01:00  INFO 28564 --- [main] com.zaxxer.hikari.pool.HikariPool        : HikariPool-1 - Added connection com.mysql.cj.jdbc.ConnectionImpl@2b9b17ce
2024-02-06T09:52:45.354+01:00  INFO 28564 --- [main] com.zaxxer.hikari.HikariDataSource       : HikariPool-1 - Start completed.
2024-02-06T09:52:46.331+01:00  INFO 28564 --- [main] o.h.e.t.j.p.i.JtaPlatformInitiator       : HHH000489: No JTA platform available (set 'hibernate.transaction.jta.platform' to enable JTA platform integration)
2024-02-06T09:52:46.335+01:00  INFO 28564 --- [main] j.LocalContainerEntityManagerFactoryBean : Initialized JPA EntityManagerFactory for persistence unit 'default'
2024-02-06T09:52:46.781+01:00  WARN 28564 --- [main] JpaBaseConfiguration$JpaWebConfiguration : spring.jpa.open-in-view is enabled by default. Therefore, database queries may be performed during view rendering. Explicitly configure spring.jpa.open-in-view to disable this warning
2024-02-06T09:52:47.143+01:00  INFO 28564 --- [main] o.s.b.w.embedded.tomcat.TomcatWebServer  : Tomcat started on port(s): 8080 (http) with context path ''
2024-02-06T09:52:47.152+01:00  INFO 28564 --- [main] d.aittr.g_31_2_shop.G312ShopApplication  : Started G312ShopApplication in 4.911 seconds (process running for 5.823)
2024-02-06T09:54:06.649+01:00  INFO 28564 --- [SpringApplicationShutdownHook] j.LocalContainerEntityManagerFactoryBean : Closing JPA EntityManagerFactory for persistence unit 'default'
2024-02-06T09:54:06.652+01:00  INFO 28564 --- [SpringApplicationShutdownHook] com.zaxxer.hikari.HikariDataSource       : HikariPool-1 - Shutdown initiated...
2024-02-06T09:54:06.660+01:00  INFO 28564 --- [SpringApplicationShutdownHook] com.zaxxer.hikari.HikariDataSource       : HikariPool-1 - Shutdown completed.
2024-02-06T10:38:54.697+01:00  INFO 12480 --- [main] d.aittr.g_31_2_shop.G312ShopApplication  : Starting G312ShopApplication using Java 17.0.9 with PID 12480 (C:\AIT\Back-end\g_31_2_shop\target\classes started by Тетяна in C:\AIT\Back-end\g_31_2_shop)
2024-02-06T10:38:54.700+01:00  INFO 12480 --- [main] d.aittr.g_31_2_shop.G312ShopApplication  : No active profile set, falling back to 1 default profile: "default"
2024-02-06T10:38:55.463+01:00  INFO 12480 --- [main] .s.d.r.c.RepositoryConfigurationDelegate : Bootstrapping Spring Data JPA repositories in DEFAULT mode.
2024-02-06T10:38:55.543+01:00  INFO 12480 --- [main] .s.d.r.c.RepositoryConfigurationDelegate : Finished Spring Data repository scanning in 69 ms. Found 3 JPA repository interfaces.
2024-02-06T10:38:56.248+01:00  INFO 12480 --- [main] o.s.b.w.embedded.tomcat.TomcatWebServer  : Tomcat initialized with port(s): 8080 (http)
2024-02-06T10:38:56.260+01:00  INFO 12480 --- [main] o.apache.catalina.core.StandardService   : Starting service [Tomcat]
2024-02-06T10:38:56.260+01:00  INFO 12480 --- [main] o.apache.catalina.core.StandardEngine    : Starting Servlet engine: [Apache Tomcat/10.1.15]
2024-02-06T10:38:56.364+01:00  INFO 12480 --- [main] o.a.c.c.C.[Tomcat].[localhost].[/]       : Initializing Spring embedded WebApplicationContext
2024-02-06T10:38:56.365+01:00  INFO 12480 --- [main] w.s.c.ServletWebServerApplicationContext : Root WebApplicationContext: initialization completed in 1611 ms
2024-02-06T10:38:56.537+01:00  INFO 12480 --- [main] o.hibernate.jpa.internal.util.LogHelper  : HHH000204: Processing PersistenceUnitInfo [name: default]
2024-02-06T10:38:56.592+01:00  INFO 12480 --- [main] org.hibernate.Version                    : HHH000412: Hibernate ORM core version 6.2.13.Final
2024-02-06T10:38:56.594+01:00  INFO 12480 --- [main] org.hibernate.cfg.Environment            : HHH000406: Using bytecode reflection optimizer
2024-02-06T10:38:56.876+01:00  INFO 12480 --- [main] o.s.o.j.p.SpringPersistenceUnitInfo      : No LoadTimeWeaver setup: ignoring JPA class transformer
2024-02-06T10:38:56.908+01:00  INFO 12480 --- [main] com.zaxxer.hikari.HikariDataSource       : HikariPool-1 - Starting...
2024-02-06T10:38:57.198+01:00  INFO 12480 --- [main] com.zaxxer.hikari.pool.HikariPool        : HikariPool-1 - Added connection com.mysql.cj.jdbc.ConnectionImpl@1a10c47e
2024-02-06T10:38:57.200+01:00  INFO 12480 --- [main] com.zaxxer.hikari.HikariDataSource       : HikariPool-1 - Start completed.
2024-02-06T10:38:58.206+01:00  INFO 12480 --- [main] o.h.e.t.j.p.i.JtaPlatformInitiator       : HHH000489: No JTA platform available (set 'hibernate.transaction.jta.platform' to enable JTA platform integration)
2024-02-06T10:38:58.208+01:00  INFO 12480 --- [main] j.LocalContainerEntityManagerFactoryBean : Initialized JPA EntityManagerFactory for persistence unit 'default'
2024-02-06T10:38:58.677+01:00  WARN 12480 --- [main] JpaBaseConfiguration$JpaWebConfiguration : spring.jpa.open-in-view is enabled by default. Therefore, database queries may be performed during view rendering. Explicitly configure spring.jpa.open-in-view to disable this warning
2024-02-06T10:38:59.010+01:00  INFO 12480 --- [main] o.s.b.w.embedded.tomcat.TomcatWebServer  : Tomcat started on port(s): 8080 (http) with context path ''
2024-02-06T10:38:59.018+01:00  INFO 12480 --- [scheduling-1] d.a.g.services.jpa.TaskService           : Fixed delay task
2024-02-06T10:38:59.020+01:00  INFO 12480 --- [main] d.aittr.g_31_2_shop.G312ShopApplication  : Started G312ShopApplication in 4.759 seconds (process running for 5.144)
2024-02-06T10:39:04.105+01:00  INFO 12480 --- [scheduling-1] d.a.g.services.jpa.TaskService           : Fixed delay task
2024-02-06T10:39:09.113+01:00  INFO 12480 --- [scheduling-1] d.a.g.services.jpa.TaskService           : Fixed delay task
2024-02-06T10:39:12.483+01:00  INFO 12480 --- [SpringApplicationShutdownHook] j.LocalContainerEntityManagerFactoryBean : Closing JPA EntityManagerFactory for persistence unit 'default'
2024-02-06T10:39:12.484+01:00  INFO 12480 --- [SpringApplicationShutdownHook] com.zaxxer.hikari.HikariDataSource       : HikariPool-1 - Shutdown initiated...
2024-02-06T10:39:12.491+01:00  INFO 12480 --- [SpringApplicationShutdownHook] com.zaxxer.hikari.HikariDataSource       : HikariPool-1 - Shutdown completed.
2024-02-06T10:40:58.836+01:00  INFO 29212 --- [main] d.aittr.g_31_2_shop.G312ShopApplication  : Starting G312ShopApplication using Java 17.0.9 with PID 29212 (C:\AIT\Back-end\g_31_2_shop\target\classes started by Тетяна in C:\AIT\Back-end\g_31_2_shop)
2024-02-06T10:40:58.838+01:00  INFO 29212 --- [main] d.aittr.g_31_2_shop.G312ShopApplication  : No active profile set, falling back to 1 default profile: "default"
2024-02-06T10:40:59.545+01:00  INFO 29212 --- [main] .s.d.r.c.RepositoryConfigurationDelegate : Bootstrapping Spring Data JPA repositories in DEFAULT mode.
2024-02-06T10:40:59.622+01:00  INFO 29212 --- [main] .s.d.r.c.RepositoryConfigurationDelegate : Finished Spring Data repository scanning in 68 ms. Found 3 JPA repository interfaces.
2024-02-06T10:41:00.513+01:00  INFO 29212 --- [main] o.s.b.w.embedded.tomcat.TomcatWebServer  : Tomcat initialized with port(s): 8080 (http)
2024-02-06T10:41:00.523+01:00  INFO 29212 --- [main] o.apache.catalina.core.StandardService   : Starting service [Tomcat]
2024-02-06T10:41:00.523+01:00  INFO 29212 --- [main] o.apache.catalina.core.StandardEngine    : Starting Servlet engine: [Apache Tomcat/10.1.15]
2024-02-06T10:41:00.676+01:00  INFO 29212 --- [main] o.a.c.c.C.[Tomcat].[localhost].[/]       : Initializing Spring embedded WebApplicationContext
2024-02-06T10:41:00.678+01:00  INFO 29212 --- [main] w.s.c.ServletWebServerApplicationContext : Root WebApplicationContext: initialization completed in 1792 ms
2024-02-06T10:41:00.871+01:00  INFO 29212 --- [main] o.hibernate.jpa.internal.util.LogHelper  : HHH000204: Processing PersistenceUnitInfo [name: default]
2024-02-06T10:41:00.922+01:00  INFO 29212 --- [main] org.hibernate.Version                    : HHH000412: Hibernate ORM core version 6.2.13.Final
2024-02-06T10:41:00.925+01:00  INFO 29212 --- [main] org.hibernate.cfg.Environment            : HHH000406: Using bytecode reflection optimizer
2024-02-06T10:41:01.210+01:00  INFO 29212 --- [main] o.s.o.j.p.SpringPersistenceUnitInfo      : No LoadTimeWeaver setup: ignoring JPA class transformer
2024-02-06T10:41:01.245+01:00  INFO 29212 --- [main] com.zaxxer.hikari.HikariDataSource       : HikariPool-1 - Starting...
2024-02-06T10:41:01.524+01:00  INFO 29212 --- [main] com.zaxxer.hikari.pool.HikariPool        : HikariPool-1 - Added connection com.mysql.cj.jdbc.ConnectionImpl@d49e8c6
2024-02-06T10:41:01.526+01:00  INFO 29212 --- [main] com.zaxxer.hikari.HikariDataSource       : HikariPool-1 - Start completed.
2024-02-06T10:41:02.530+01:00  INFO 29212 --- [main] o.h.e.t.j.p.i.JtaPlatformInitiator       : HHH000489: No JTA platform available (set 'hibernate.transaction.jta.platform' to enable JTA platform integration)
2024-02-06T10:41:02.533+01:00  INFO 29212 --- [main] j.LocalContainerEntityManagerFactoryBean : Initialized JPA EntityManagerFactory for persistence unit 'default'
2024-02-06T10:41:03.011+01:00  WARN 29212 --- [main] JpaBaseConfiguration$JpaWebConfiguration : spring.jpa.open-in-view is enabled by default. Therefore, database queries may be performed during view rendering. Explicitly configure spring.jpa.open-in-view to disable this warning
2024-02-06T10:41:03.380+01:00  INFO 29212 --- [main] o.s.b.w.embedded.tomcat.TomcatWebServer  : Tomcat started on port(s): 8080 (http) with context path ''
2024-02-06T10:41:03.389+01:00  INFO 29212 --- [scheduling-1] d.a.g.services.jpa.TaskService           : Fixed delay task
2024-02-06T10:41:03.391+01:00  INFO 29212 --- [main] d.aittr.g_31_2_shop.G312ShopApplication  : Started G312ShopApplication in 4.973 seconds (process running for 5.324)
2024-02-06T10:41:08.472+01:00  INFO 29212 --- [scheduling-1] d.a.g.services.jpa.TaskService           : Fixed delay task
2024-02-06T10:41:13.494+01:00  INFO 29212 --- [scheduling-1] d.a.g.services.jpa.TaskService           : Fixed delay task
2024-02-06T10:41:18.504+01:00  INFO 29212 --- [scheduling-1] d.a.g.services.jpa.TaskService           : Fixed delay task
2024-02-06T10:41:23.516+01:00  INFO 29212 --- [scheduling-1] d.a.g.services.jpa.TaskService           : Fixed delay task
2024-02-06T10:41:24.234+01:00  INFO 29212 --- [SpringApplicationShutdownHook] j.LocalContainerEntityManagerFactoryBean : Closing JPA EntityManagerFactory for persistence unit 'default'
2024-02-06T10:41:24.236+01:00  INFO 29212 --- [SpringApplicationShutdownHook] com.zaxxer.hikari.HikariDataSource       : HikariPool-1 - Shutdown initiated...
2024-02-06T10:41:24.242+01:00  INFO 29212 --- [SpringApplicationShutdownHook] com.zaxxer.hikari.HikariDataSource       : HikariPool-1 - Shutdown completed.
2024-02-06T11:09:56.642+01:00  INFO 3260 --- [main] d.aittr.g_31_2_shop.G312ShopApplication  : Starting G312ShopApplication using Java 17.0.9 with PID 3260 (C:\AIT\Back-end\g_31_2_shop\target\classes started by Тетяна in C:\AIT\Back-end\g_31_2_shop)
2024-02-06T11:09:56.644+01:00  INFO 3260 --- [main] d.aittr.g_31_2_shop.G312ShopApplication  : No active profile set, falling back to 1 default profile: "default"
2024-02-06T11:09:57.391+01:00  INFO 3260 --- [main] .s.d.r.c.RepositoryConfigurationDelegate : Bootstrapping Spring Data JPA repositories in DEFAULT mode.
2024-02-06T11:09:57.472+01:00  INFO 3260 --- [main] .s.d.r.c.RepositoryConfigurationDelegate : Finished Spring Data repository scanning in 71 ms. Found 3 JPA repository interfaces.
2024-02-06T11:09:58.215+01:00  INFO 3260 --- [main] o.s.b.w.embedded.tomcat.TomcatWebServer  : Tomcat initialized with port(s): 8080 (http)
2024-02-06T11:09:58.227+01:00  INFO 3260 --- [main] o.apache.catalina.core.StandardService   : Starting service [Tomcat]
2024-02-06T11:09:58.228+01:00  INFO 3260 --- [main] o.apache.catalina.core.StandardEngine    : Starting Servlet engine: [Apache Tomcat/10.1.15]
2024-02-06T11:09:58.335+01:00  INFO 3260 --- [main] o.a.c.c.C.[Tomcat].[localhost].[/]       : Initializing Spring embedded WebApplicationContext
2024-02-06T11:09:58.336+01:00  INFO 3260 --- [main] w.s.c.ServletWebServerApplicationContext : Root WebApplicationContext: initialization completed in 1646 ms
2024-02-06T11:09:58.507+01:00  INFO 3260 --- [main] o.hibernate.jpa.internal.util.LogHelper  : HHH000204: Processing PersistenceUnitInfo [name: default]
2024-02-06T11:09:58.564+01:00  INFO 3260 --- [main] org.hibernate.Version                    : HHH000412: Hibernate ORM core version 6.2.13.Final
2024-02-06T11:09:58.567+01:00  INFO 3260 --- [main] org.hibernate.cfg.Environment            : HHH000406: Using bytecode reflection optimizer
2024-02-06T11:09:58.834+01:00  INFO 3260 --- [main] o.s.o.j.p.SpringPersistenceUnitInfo      : No LoadTimeWeaver setup: ignoring JPA class transformer
2024-02-06T11:09:58.866+01:00  INFO 3260 --- [main] com.zaxxer.hikari.HikariDataSource       : HikariPool-1 - Starting...
2024-02-06T11:09:59.146+01:00  INFO 3260 --- [main] com.zaxxer.hikari.pool.HikariPool        : HikariPool-1 - Added connection com.mysql.cj.jdbc.ConnectionImpl@d49e8c6
2024-02-06T11:09:59.148+01:00  INFO 3260 --- [main] com.zaxxer.hikari.HikariDataSource       : HikariPool-1 - Start completed.
2024-02-06T11:10:00.106+01:00  INFO 3260 --- [main] o.h.e.t.j.p.i.JtaPlatformInitiator       : HHH000489: No JTA platform available (set 'hibernate.transaction.jta.platform' to enable JTA platform integration)
2024-02-06T11:10:00.109+01:00  INFO 3260 --- [main] j.LocalContainerEntityManagerFactoryBean : Initialized JPA EntityManagerFactory for persistence unit 'default'
2024-02-06T11:10:00.579+01:00  WARN 3260 --- [main] JpaBaseConfiguration$JpaWebConfiguration : spring.jpa.open-in-view is enabled by default. Therefore, database queries may be performed during view rendering. Explicitly configure spring.jpa.open-in-view to disable this warning
2024-02-06T11:10:01.060+01:00  INFO 3260 --- [main] o.s.b.w.embedded.tomcat.TomcatWebServer  : Tomcat started on port(s): 8080 (http) with context path ''
2024-02-06T11:10:01.071+01:00  INFO 3260 --- [scheduling-1] d.a.g.services.jpa.TaskService           : Fixed delay task 3000ms
2024-02-06T11:10:01.075+01:00  INFO 3260 --- [main] d.aittr.g_31_2_shop.G312ShopApplication  : Started G312ShopApplication in 4.931 seconds (process running for 5.326)
2024-02-06T11:10:09.165+01:00  INFO 3260 --- [scheduling-1] d.a.g.services.jpa.TaskService           : Fixed delay task 3000ms
2024-02-06T11:10:17.180+01:00  INFO 3260 --- [scheduling-1] d.a.g.services.jpa.TaskService           : Fixed delay task 3000ms
2024-02-06T11:10:25.205+01:00  INFO 3260 --- [scheduling-1] d.a.g.services.jpa.TaskService           : Fixed delay task 3000ms
2024-02-06T11:10:33.228+01:00  INFO 3260 --- [scheduling-1] d.a.g.services.jpa.TaskService           : Fixed delay task 3000ms
2024-02-06T11:10:41.241+01:00  INFO 3260 --- [scheduling-1] d.a.g.services.jpa.TaskService           : Fixed delay task 3000ms
2024-02-06T11:10:46.161+01:00  INFO 3260 --- [SpringApplicationShutdownHook] j.LocalContainerEntityManagerFactoryBean : Closing JPA EntityManagerFactory for persistence unit 'default'
2024-02-06T11:10:46.163+01:00  INFO 3260 --- [SpringApplicationShutdownHook] com.zaxxer.hikari.HikariDataSource       : HikariPool-1 - Shutdown initiated...
2024-02-06T11:10:46.170+01:00  INFO 3260 --- [SpringApplicationShutdownHook] com.zaxxer.hikari.HikariDataSource       : HikariPool-1 - Shutdown completed.
2024-02-06T11:15:17.202+01:00  INFO 15632 --- [main] d.aittr.g_31_2_shop.G312ShopApplication  : Starting G312ShopApplication using Java 17.0.9 with PID 15632 (C:\AIT\Back-end\g_31_2_shop\target\classes started by Тетяна in C:\AIT\Back-end\g_31_2_shop)
2024-02-06T11:15:17.204+01:00  INFO 15632 --- [main] d.aittr.g_31_2_shop.G312ShopApplication  : No active profile set, falling back to 1 default profile: "default"
2024-02-06T11:15:17.945+01:00  INFO 15632 --- [main] .s.d.r.c.RepositoryConfigurationDelegate : Bootstrapping Spring Data JPA repositories in DEFAULT mode.
2024-02-06T11:15:18.023+01:00  INFO 15632 --- [main] .s.d.r.c.RepositoryConfigurationDelegate : Finished Spring Data repository scanning in 68 ms. Found 3 JPA repository interfaces.
2024-02-06T11:15:18.723+01:00  INFO 15632 --- [main] o.s.b.w.embedded.tomcat.TomcatWebServer  : Tomcat initialized with port(s): 8080 (http)
2024-02-06T11:15:18.735+01:00  INFO 15632 --- [main] o.apache.catalina.core.StandardService   : Starting service [Tomcat]
2024-02-06T11:15:18.736+01:00  INFO 15632 --- [main] o.apache.catalina.core.StandardEngine    : Starting Servlet engine: [Apache Tomcat/10.1.15]
2024-02-06T11:15:18.833+01:00  INFO 15632 --- [main] o.a.c.c.C.[Tomcat].[localhost].[/]       : Initializing Spring embedded WebApplicationContext
2024-02-06T11:15:18.834+01:00  INFO 15632 --- [main] w.s.c.ServletWebServerApplicationContext : Root WebApplicationContext: initialization completed in 1576 ms
2024-02-06T11:15:18.990+01:00  INFO 15632 --- [main] o.hibernate.jpa.internal.util.LogHelper  : HHH000204: Processing PersistenceUnitInfo [name: default]
2024-02-06T11:15:19.044+01:00  INFO 15632 --- [main] org.hibernate.Version                    : HHH000412: Hibernate ORM core version 6.2.13.Final
2024-02-06T11:15:19.048+01:00  INFO 15632 --- [main] org.hibernate.cfg.Environment            : HHH000406: Using bytecode reflection optimizer
2024-02-06T11:15:19.310+01:00  INFO 15632 --- [main] o.s.o.j.p.SpringPersistenceUnitInfo      : No LoadTimeWeaver setup: ignoring JPA class transformer
2024-02-06T11:15:19.336+01:00  INFO 15632 --- [main] com.zaxxer.hikari.HikariDataSource       : HikariPool-1 - Starting...
2024-02-06T11:15:19.607+01:00  INFO 15632 --- [main] com.zaxxer.hikari.pool.HikariPool        : HikariPool-1 - Added connection com.mysql.cj.jdbc.ConnectionImpl@d49e8c6
2024-02-06T11:15:19.609+01:00  INFO 15632 --- [main] com.zaxxer.hikari.HikariDataSource       : HikariPool-1 - Start completed.
2024-02-06T11:15:20.558+01:00  INFO 15632 --- [main] o.h.e.t.j.p.i.JtaPlatformInitiator       : HHH000489: No JTA platform available (set 'hibernate.transaction.jta.platform' to enable JTA platform integration)
2024-02-06T11:15:20.561+01:00  INFO 15632 --- [main] j.LocalContainerEntityManagerFactoryBean : Initialized JPA EntityManagerFactory for persistence unit 'default'
2024-02-06T11:15:21.004+01:00  WARN 15632 --- [main] JpaBaseConfiguration$JpaWebConfiguration : spring.jpa.open-in-view is enabled by default. Therefore, database queries may be performed during view rendering. Explicitly configure spring.jpa.open-in-view to disable this warning
2024-02-06T11:15:21.359+01:00  INFO 15632 --- [main] o.s.b.w.embedded.tomcat.TomcatWebServer  : Tomcat started on port(s): 8080 (http) with context path ''
2024-02-06T11:15:21.368+01:00  INFO 15632 --- [scheduling-1] d.a.g.services.jpa.TaskService           : Fixed delay task 7000ms
2024-02-06T11:15:21.369+01:00  INFO 15632 --- [main] d.aittr.g_31_2_shop.G312ShopApplication  : Started G312ShopApplication in 4.589 seconds (process running for 4.957)
2024-02-06T11:15:33.462+01:00  INFO 15632 --- [scheduling-1] d.a.g.services.jpa.TaskService           : Fixed delay task 7000ms
2024-02-06T11:15:45.484+01:00  INFO 15632 --- [scheduling-1] d.a.g.services.jpa.TaskService           : Fixed delay task 7000ms
2024-02-06T11:15:57.513+01:00  INFO 15632 --- [scheduling-1] d.a.g.services.jpa.TaskService           : Fixed delay task 7000ms
2024-02-06T11:15:59.858+01:00  INFO 15632 --- [SpringApplicationShutdownHook] j.LocalContainerEntityManagerFactoryBean : Closing JPA EntityManagerFactory for persistence unit 'default'
2024-02-06T11:15:59.858+01:00 ERROR 15632 --- [scheduling-1] o.s.s.s.TaskUtils$LoggingErrorHandler    : Unexpected error occurred in scheduled task

java.lang.RuntimeException: java.lang.InterruptedException: sleep interrupted
	at de.aittr.g_31_2_shop.scheduling.ScheduleExecutor.fixedDeleteTask(ScheduleExecutor.java:39) ~[classes/:na]
	at java.base/jdk.internal.reflect.NativeMethodAccessorImpl.invoke0(Native Method) ~[na:na]
	at java.base/jdk.internal.reflect.NativeMethodAccessorImpl.invoke(NativeMethodAccessorImpl.java:77) ~[na:na]
	at java.base/jdk.internal.reflect.DelegatingMethodAccessorImpl.invoke(DelegatingMethodAccessorImpl.java:43) ~[na:na]
	at java.base/java.lang.reflect.Method.invoke(Method.java:568) ~[na:na]
	at org.springframework.scheduling.support.ScheduledMethodRunnable.run(ScheduledMethodRunnable.java:84) ~[spring-context-6.0.13.jar:6.0.13]
	at org.springframework.scheduling.support.DelegatingErrorHandlingRunnable.run(DelegatingErrorHandlingRunnable.java:54) ~[spring-context-6.0.13.jar:6.0.13]
	at java.base/java.util.concurrent.Executors$RunnableAdapter.call(Executors.java:539) ~[na:na]
	at java.base/java.util.concurrent.FutureTask.runAndReset(FutureTask.java:305) ~[na:na]
	at java.base/java.util.concurrent.ScheduledThreadPoolExecutor$ScheduledFutureTask.run(ScheduledThreadPoolExecutor.java:305) ~[na:na]
	at java.base/java.util.concurrent.ThreadPoolExecutor.runWorker(ThreadPoolExecutor.java:1136) ~[na:na]
	at java.base/java.util.concurrent.ThreadPoolExecutor$Worker.run(ThreadPoolExecutor.java:635) ~[na:na]
	at java.base/java.lang.Thread.run(Thread.java:840) ~[na:na]
Caused by: java.lang.InterruptedException: sleep interrupted
	at java.base/java.lang.Thread.sleep(Native Method) ~[na:na]
	at de.aittr.g_31_2_shop.scheduling.ScheduleExecutor.fixedDeleteTask(ScheduleExecutor.java:37) ~[classes/:na]
	... 12 common frames omitted

2024-02-06T11:15:59.862+01:00  INFO 15632 --- [SpringApplicationShutdownHook] com.zaxxer.hikari.HikariDataSource       : HikariPool-1 - Shutdown initiated...
2024-02-06T11:15:59.869+01:00  INFO 15632 --- [SpringApplicationShutdownHook] com.zaxxer.hikari.HikariDataSource       : HikariPool-1 - Shutdown completed.
2024-02-06T11:20:31.935+01:00  INFO 17384 --- [main] d.aittr.g_31_2_shop.G312ShopApplication  : Starting G312ShopApplication using Java 17.0.9 with PID 17384 (C:\AIT\Back-end\g_31_2_shop\target\classes started by Тетяна in C:\AIT\Back-end\g_31_2_shop)
2024-02-06T11:20:31.937+01:00  INFO 17384 --- [main] d.aittr.g_31_2_shop.G312ShopApplication  : No active profile set, falling back to 1 default profile: "default"
2024-02-06T11:20:32.687+01:00  INFO 17384 --- [main] .s.d.r.c.RepositoryConfigurationDelegate : Bootstrapping Spring Data JPA repositories in DEFAULT mode.
2024-02-06T11:20:32.765+01:00  INFO 17384 --- [main] .s.d.r.c.RepositoryConfigurationDelegate : Finished Spring Data repository scanning in 68 ms. Found 3 JPA repository interfaces.
2024-02-06T11:20:33.473+01:00  INFO 17384 --- [main] o.s.b.w.embedded.tomcat.TomcatWebServer  : Tomcat initialized with port(s): 8080 (http)
2024-02-06T11:20:33.484+01:00  INFO 17384 --- [main] o.apache.catalina.core.StandardService   : Starting service [Tomcat]
2024-02-06T11:20:33.484+01:00  INFO 17384 --- [main] o.apache.catalina.core.StandardEngine    : Starting Servlet engine: [Apache Tomcat/10.1.15]
2024-02-06T11:20:33.593+01:00  INFO 17384 --- [main] o.a.c.c.C.[Tomcat].[localhost].[/]       : Initializing Spring embedded WebApplicationContext
2024-02-06T11:20:33.595+01:00  INFO 17384 --- [main] w.s.c.ServletWebServerApplicationContext : Root WebApplicationContext: initialization completed in 1609 ms
2024-02-06T11:20:33.749+01:00  INFO 17384 --- [main] o.hibernate.jpa.internal.util.LogHelper  : HHH000204: Processing PersistenceUnitInfo [name: default]
2024-02-06T11:20:33.799+01:00  INFO 17384 --- [main] org.hibernate.Version                    : HHH000412: Hibernate ORM core version 6.2.13.Final
2024-02-06T11:20:33.802+01:00  INFO 17384 --- [main] org.hibernate.cfg.Environment            : HHH000406: Using bytecode reflection optimizer
2024-02-06T11:20:34.056+01:00  INFO 17384 --- [main] o.s.o.j.p.SpringPersistenceUnitInfo      : No LoadTimeWeaver setup: ignoring JPA class transformer
2024-02-06T11:20:34.086+01:00  INFO 17384 --- [main] com.zaxxer.hikari.HikariDataSource       : HikariPool-1 - Starting...
2024-02-06T11:20:34.349+01:00  INFO 17384 --- [main] com.zaxxer.hikari.pool.HikariPool        : HikariPool-1 - Added connection com.mysql.cj.jdbc.ConnectionImpl@2e3252
2024-02-06T11:20:34.350+01:00  INFO 17384 --- [main] com.zaxxer.hikari.HikariDataSource       : HikariPool-1 - Start completed.
2024-02-06T11:20:35.359+01:00  INFO 17384 --- [main] o.h.e.t.j.p.i.JtaPlatformInitiator       : HHH000489: No JTA platform available (set 'hibernate.transaction.jta.platform' to enable JTA platform integration)
2024-02-06T11:20:35.362+01:00  INFO 17384 --- [main] j.LocalContainerEntityManagerFactoryBean : Initialized JPA EntityManagerFactory for persistence unit 'default'
2024-02-06T11:20:35.788+01:00  WARN 17384 --- [main] JpaBaseConfiguration$JpaWebConfiguration : spring.jpa.open-in-view is enabled by default. Therefore, database queries may be performed during view rendering. Explicitly configure spring.jpa.open-in-view to disable this warning
2024-02-06T11:20:36.115+01:00  INFO 17384 --- [main] o.s.b.w.embedded.tomcat.TomcatWebServer  : Tomcat started on port(s): 8080 (http) with context path ''
2024-02-06T11:20:36.124+01:00  INFO 17384 --- [scheduling-1] d.a.g.services.jpa.TaskService           : Fixed rate task 3000ms
2024-02-06T11:20:36.126+01:00  INFO 17384 --- [main] d.aittr.g_31_2_shop.G312ShopApplication  : Started G312ShopApplication in 4.618 seconds (process running for 4.975)
2024-02-06T11:20:41.130+01:00  INFO 17384 --- [scheduling-1] d.a.g.services.jpa.TaskService           : Fixed rate task 3000ms
2024-02-06T11:20:46.136+01:00  INFO 17384 --- [scheduling-1] d.a.g.services.jpa.TaskService           : Fixed rate task 3000ms
2024-02-06T11:20:51.133+01:00  INFO 17384 --- [scheduling-1] d.a.g.services.jpa.TaskService           : Fixed rate task 3000ms
2024-02-06T11:20:56.130+01:00  INFO 17384 --- [scheduling-1] d.a.g.services.jpa.TaskService           : Fixed rate task 3000ms
2024-02-06T11:21:01.134+01:00  INFO 17384 --- [scheduling-1] d.a.g.services.jpa.TaskService           : Fixed rate task 3000ms
2024-02-06T11:21:03.886+01:00  INFO 17384 --- [SpringApplicationShutdownHook] j.LocalContainerEntityManagerFactoryBean : Closing JPA EntityManagerFactory for persistence unit 'default'
2024-02-06T11:21:03.888+01:00  INFO 17384 --- [SpringApplicationShutdownHook] com.zaxxer.hikari.HikariDataSource       : HikariPool-1 - Shutdown initiated...
2024-02-06T11:21:03.886+01:00 ERROR 17384 --- [scheduling-1] o.s.s.s.TaskUtils$LoggingErrorHandler    : Unexpected error occurred in scheduled task

java.lang.RuntimeException: java.lang.InterruptedException: sleep interrupted
	at de.aittr.g_31_2_shop.scheduling.ScheduleExecutor.fixedRateTask(ScheduleExecutor.java:41) ~[classes/:na]
	at java.base/jdk.internal.reflect.NativeMethodAccessorImpl.invoke0(Native Method) ~[na:na]
	at java.base/jdk.internal.reflect.NativeMethodAccessorImpl.invoke(NativeMethodAccessorImpl.java:77) ~[na:na]
	at java.base/jdk.internal.reflect.DelegatingMethodAccessorImpl.invoke(DelegatingMethodAccessorImpl.java:43) ~[na:na]
	at java.base/java.lang.reflect.Method.invoke(Method.java:568) ~[na:na]
	at org.springframework.scheduling.support.ScheduledMethodRunnable.run(ScheduledMethodRunnable.java:84) ~[spring-context-6.0.13.jar:6.0.13]
	at org.springframework.scheduling.support.DelegatingErrorHandlingRunnable.run(DelegatingErrorHandlingRunnable.java:54) ~[spring-context-6.0.13.jar:6.0.13]
	at java.base/java.util.concurrent.Executors$RunnableAdapter.call(Executors.java:539) ~[na:na]
	at java.base/java.util.concurrent.FutureTask.runAndReset(FutureTask.java:305) ~[na:na]
	at java.base/java.util.concurrent.ScheduledThreadPoolExecutor$ScheduledFutureTask.run(ScheduledThreadPoolExecutor.java:305) ~[na:na]
	at java.base/java.util.concurrent.ThreadPoolExecutor.runWorker(ThreadPoolExecutor.java:1136) ~[na:na]
	at java.base/java.util.concurrent.ThreadPoolExecutor$Worker.run(ThreadPoolExecutor.java:635) ~[na:na]
	at java.base/java.lang.Thread.run(Thread.java:840) ~[na:na]
Caused by: java.lang.InterruptedException: sleep interrupted
	at java.base/java.lang.Thread.sleep(Native Method) ~[na:na]
	at de.aittr.g_31_2_shop.scheduling.ScheduleExecutor.fixedRateTask(ScheduleExecutor.java:39) ~[classes/:na]
	... 12 common frames omitted

2024-02-06T11:21:03.897+01:00  INFO 17384 --- [SpringApplicationShutdownHook] com.zaxxer.hikari.HikariDataSource       : HikariPool-1 - Shutdown completed.
2024-02-06T11:24:45.207+01:00  INFO 5724 --- [main] d.aittr.g_31_2_shop.G312ShopApplication  : Starting G312ShopApplication using Java 17.0.9 with PID 5724 (C:\AIT\Back-end\g_31_2_shop\target\classes started by Тетяна in C:\AIT\Back-end\g_31_2_shop)
2024-02-06T11:24:45.209+01:00  INFO 5724 --- [main] d.aittr.g_31_2_shop.G312ShopApplication  : No active profile set, falling back to 1 default profile: "default"
2024-02-06T11:24:45.895+01:00  INFO 5724 --- [main] .s.d.r.c.RepositoryConfigurationDelegate : Bootstrapping Spring Data JPA repositories in DEFAULT mode.
2024-02-06T11:24:45.979+01:00  INFO 5724 --- [main] .s.d.r.c.RepositoryConfigurationDelegate : Finished Spring Data repository scanning in 76 ms. Found 3 JPA repository interfaces.
2024-02-06T11:24:46.653+01:00  INFO 5724 --- [main] o.s.b.w.embedded.tomcat.TomcatWebServer  : Tomcat initialized with port(s): 8080 (http)
2024-02-06T11:24:46.663+01:00  INFO 5724 --- [main] o.apache.catalina.core.StandardService   : Starting service [Tomcat]
2024-02-06T11:24:46.664+01:00  INFO 5724 --- [main] o.apache.catalina.core.StandardEngine    : Starting Servlet engine: [Apache Tomcat/10.1.15]
2024-02-06T11:24:46.760+01:00  INFO 5724 --- [main] o.a.c.c.C.[Tomcat].[localhost].[/]       : Initializing Spring embedded WebApplicationContext
2024-02-06T11:24:46.761+01:00  INFO 5724 --- [main] w.s.c.ServletWebServerApplicationContext : Root WebApplicationContext: initialization completed in 1509 ms
2024-02-06T11:24:46.949+01:00  INFO 5724 --- [main] o.hibernate.jpa.internal.util.LogHelper  : HHH000204: Processing PersistenceUnitInfo [name: default]
2024-02-06T11:24:47.010+01:00  INFO 5724 --- [main] org.hibernate.Version                    : HHH000412: Hibernate ORM core version 6.2.13.Final
2024-02-06T11:24:47.014+01:00  INFO 5724 --- [main] org.hibernate.cfg.Environment            : HHH000406: Using bytecode reflection optimizer
2024-02-06T11:24:47.390+01:00  INFO 5724 --- [main] o.s.o.j.p.SpringPersistenceUnitInfo      : No LoadTimeWeaver setup: ignoring JPA class transformer
2024-02-06T11:24:47.428+01:00  INFO 5724 --- [main] com.zaxxer.hikari.HikariDataSource       : HikariPool-1 - Starting...
2024-02-06T11:24:47.738+01:00  INFO 5724 --- [main] com.zaxxer.hikari.pool.HikariPool        : HikariPool-1 - Added connection com.mysql.cj.jdbc.ConnectionImpl@1a10c47e
2024-02-06T11:24:47.739+01:00  INFO 5724 --- [main] com.zaxxer.hikari.HikariDataSource       : HikariPool-1 - Start completed.
2024-02-06T11:24:48.717+01:00  INFO 5724 --- [main] o.h.e.t.j.p.i.JtaPlatformInitiator       : HHH000489: No JTA platform available (set 'hibernate.transaction.jta.platform' to enable JTA platform integration)
2024-02-06T11:24:48.719+01:00  INFO 5724 --- [main] j.LocalContainerEntityManagerFactoryBean : Initialized JPA EntityManagerFactory for persistence unit 'default'
2024-02-06T11:24:49.174+01:00  WARN 5724 --- [main] JpaBaseConfiguration$JpaWebConfiguration : spring.jpa.open-in-view is enabled by default. Therefore, database queries may be performed during view rendering. Explicitly configure spring.jpa.open-in-view to disable this warning
2024-02-06T11:24:49.517+01:00  INFO 5724 --- [main] o.s.b.w.embedded.tomcat.TomcatWebServer  : Tomcat started on port(s): 8080 (http) with context path ''
2024-02-06T11:24:49.524+01:00  INFO 5724 --- [scheduling-1] d.a.g.services.jpa.TaskService           : Fixed rate task 3000ms
2024-02-06T11:24:49.525+01:00  INFO 5724 --- [main] d.aittr.g_31_2_shop.G312ShopApplication  : Started G312ShopApplication in 4.753 seconds (process running for 5.091)
2024-02-06T11:24:56.618+01:00  INFO 5724 --- [scheduling-1] d.a.g.services.jpa.TaskService           : Fixed rate task 3000ms
2024-02-06T11:25:03.630+01:00  INFO 5724 --- [scheduling-1] d.a.g.services.jpa.TaskService           : Fixed rate task 3000ms
2024-02-06T11:25:10.646+01:00  INFO 5724 --- [scheduling-1] d.a.g.services.jpa.TaskService           : Fixed rate task 3000ms
2024-02-06T11:25:17.667+01:00  INFO 5724 --- [scheduling-1] d.a.g.services.jpa.TaskService           : Fixed rate task 3000ms
2024-02-06T11:25:24.690+01:00  INFO 5724 --- [scheduling-1] d.a.g.services.jpa.TaskService           : Fixed rate task 3000ms
2024-02-06T11:25:31.713+01:00  INFO 5724 --- [scheduling-1] d.a.g.services.jpa.TaskService           : Fixed rate task 3000ms
2024-02-06T11:25:38.727+01:00  INFO 5724 --- [scheduling-1] d.a.g.services.jpa.TaskService           : Fixed rate task 3000ms
2024-02-06T11:25:40.970+01:00  INFO 5724 --- [SpringApplicationShutdownHook] j.LocalContainerEntityManagerFactoryBean : Closing JPA EntityManagerFactory for persistence unit 'default'
2024-02-06T11:25:40.971+01:00  INFO 5724 --- [SpringApplicationShutdownHook] com.zaxxer.hikari.HikariDataSource       : HikariPool-1 - Shutdown initiated...
2024-02-06T11:25:40.969+01:00 ERROR 5724 --- [scheduling-1] o.s.s.s.TaskUtils$LoggingErrorHandler    : Unexpected error occurred in scheduled task

java.lang.RuntimeException: java.lang.InterruptedException: sleep interrupted
	at de.aittr.g_31_2_shop.scheduling.ScheduleExecutor.fixedRateTask(ScheduleExecutor.java:52) ~[classes/:na]
	at java.base/jdk.internal.reflect.NativeMethodAccessorImpl.invoke0(Native Method) ~[na:na]
	at java.base/jdk.internal.reflect.NativeMethodAccessorImpl.invoke(NativeMethodAccessorImpl.java:77) ~[na:na]
	at java.base/jdk.internal.reflect.DelegatingMethodAccessorImpl.invoke(DelegatingMethodAccessorImpl.java:43) ~[na:na]
	at java.base/java.lang.reflect.Method.invoke(Method.java:568) ~[na:na]
	at org.springframework.scheduling.support.ScheduledMethodRunnable.run(ScheduledMethodRunnable.java:84) ~[spring-context-6.0.13.jar:6.0.13]
	at org.springframework.scheduling.support.DelegatingErrorHandlingRunnable.run(DelegatingErrorHandlingRunnable.java:54) ~[spring-context-6.0.13.jar:6.0.13]
	at java.base/java.util.concurrent.Executors$RunnableAdapter.call(Executors.java:539) ~[na:na]
	at java.base/java.util.concurrent.FutureTask.runAndReset(FutureTask.java:305) ~[na:na]
	at java.base/java.util.concurrent.ScheduledThreadPoolExecutor$ScheduledFutureTask.run(ScheduledThreadPoolExecutor.java:305) ~[na:na]
	at java.base/java.util.concurrent.ThreadPoolExecutor.runWorker(ThreadPoolExecutor.java:1136) ~[na:na]
	at java.base/java.util.concurrent.ThreadPoolExecutor$Worker.run(ThreadPoolExecutor.java:635) ~[na:na]
	at java.base/java.lang.Thread.run(Thread.java:840) ~[na:na]
Caused by: java.lang.InterruptedException: sleep interrupted
	at java.base/java.lang.Thread.sleep(Native Method) ~[na:na]
	at de.aittr.g_31_2_shop.scheduling.ScheduleExecutor.fixedRateTask(ScheduleExecutor.java:50) ~[classes/:na]
	... 12 common frames omitted

2024-02-06T11:25:40.979+01:00  INFO 5724 --- [SpringApplicationShutdownHook] com.zaxxer.hikari.HikariDataSource       : HikariPool-1 - Shutdown completed.
2024-02-06T11:38:33.387+01:00  INFO 21944 --- [main] d.aittr.g_31_2_shop.G312ShopApplication  : Starting G312ShopApplication using Java 17.0.9 with PID 21944 (C:\AIT\Back-end\g_31_2_shop\target\classes started by Тетяна in C:\AIT\Back-end\g_31_2_shop)
2024-02-06T11:38:33.390+01:00  INFO 21944 --- [main] d.aittr.g_31_2_shop.G312ShopApplication  : No active profile set, falling back to 1 default profile: "default"
2024-02-06T11:38:34.098+01:00  INFO 21944 --- [main] .s.d.r.c.RepositoryConfigurationDelegate : Bootstrapping Spring Data JPA repositories in DEFAULT mode.
2024-02-06T11:38:34.166+01:00  INFO 21944 --- [main] .s.d.r.c.RepositoryConfigurationDelegate : Finished Spring Data repository scanning in 60 ms. Found 3 JPA repository interfaces.
2024-02-06T11:38:34.892+01:00  INFO 21944 --- [main] o.s.b.w.embedded.tomcat.TomcatWebServer  : Tomcat initialized with port(s): 8080 (http)
2024-02-06T11:38:34.905+01:00  INFO 21944 --- [main] o.apache.catalina.core.StandardService   : Starting service [Tomcat]
2024-02-06T11:38:34.907+01:00  INFO 21944 --- [main] o.apache.catalina.core.StandardEngine    : Starting Servlet engine: [Apache Tomcat/10.1.15]
2024-02-06T11:38:35.016+01:00  INFO 21944 --- [main] o.a.c.c.C.[Tomcat].[localhost].[/]       : Initializing Spring embedded WebApplicationContext
2024-02-06T11:38:35.017+01:00  INFO 21944 --- [main] w.s.c.ServletWebServerApplicationContext : Root WebApplicationContext: initialization completed in 1582 ms
2024-02-06T11:38:35.184+01:00  INFO 21944 --- [main] o.hibernate.jpa.internal.util.LogHelper  : HHH000204: Processing PersistenceUnitInfo [name: default]
2024-02-06T11:38:35.240+01:00  INFO 21944 --- [main] org.hibernate.Version                    : HHH000412: Hibernate ORM core version 6.2.13.Final
2024-02-06T11:38:35.244+01:00  INFO 21944 --- [main] org.hibernate.cfg.Environment            : HHH000406: Using bytecode reflection optimizer
2024-02-06T11:38:35.521+01:00  INFO 21944 --- [main] o.s.o.j.p.SpringPersistenceUnitInfo      : No LoadTimeWeaver setup: ignoring JPA class transformer
2024-02-06T11:38:35.548+01:00  INFO 21944 --- [main] com.zaxxer.hikari.HikariDataSource       : HikariPool-1 - Starting...
2024-02-06T11:38:35.829+01:00  INFO 21944 --- [main] com.zaxxer.hikari.pool.HikariPool        : HikariPool-1 - Added connection com.mysql.cj.jdbc.ConnectionImpl@5d92e8e2
2024-02-06T11:38:35.831+01:00  INFO 21944 --- [main] com.zaxxer.hikari.HikariDataSource       : HikariPool-1 - Start completed.
2024-02-06T11:38:36.800+01:00  INFO 21944 --- [main] o.h.e.t.j.p.i.JtaPlatformInitiator       : HHH000489: No JTA platform available (set 'hibernate.transaction.jta.platform' to enable JTA platform integration)
2024-02-06T11:38:36.803+01:00  INFO 21944 --- [main] j.LocalContainerEntityManagerFactoryBean : Initialized JPA EntityManagerFactory for persistence unit 'default'
2024-02-06T11:38:37.304+01:00  WARN 21944 --- [main] JpaBaseConfiguration$JpaWebConfiguration : spring.jpa.open-in-view is enabled by default. Therefore, database queries may be performed during view rendering. Explicitly configure spring.jpa.open-in-view to disable this warning
2024-02-06T11:38:37.636+01:00  INFO 21944 --- [main] o.s.b.w.embedded.tomcat.TomcatWebServer  : Tomcat started on port(s): 8080 (http) with context path ''
2024-02-06T11:38:37.647+01:00  INFO 21944 --- [main] d.aittr.g_31_2_shop.G312ShopApplication  : Started G312ShopApplication in 4.709 seconds (process running for 5.075)
2024-02-06T11:38:37.650+01:00  INFO 21944 --- [task-1] d.a.g.services.jpa.TaskService           : Fixed rate async task 7000ms
2024-02-06T11:38:42.652+01:00  INFO 21944 --- [task-2] d.a.g.services.jpa.TaskService           : Fixed rate async task 7000ms
2024-02-06T11:38:47.646+01:00  INFO 21944 --- [task-3] d.a.g.services.jpa.TaskService           : Fixed rate async task 7000ms
2024-02-06T11:38:52.659+01:00  INFO 21944 --- [task-4] d.a.g.services.jpa.TaskService           : Fixed rate async task 7000ms
2024-02-06T11:38:57.650+01:00  INFO 21944 --- [task-5] d.a.g.services.jpa.TaskService           : Fixed rate async task 7000ms
2024-02-06T11:39:02.660+01:00  INFO 21944 --- [task-6] d.a.g.services.jpa.TaskService           : Fixed rate async task 7000ms
2024-02-06T11:39:07.658+01:00  INFO 21944 --- [task-7] d.a.g.services.jpa.TaskService           : Fixed rate async task 7000ms
2024-02-06T11:39:12.646+01:00  INFO 21944 --- [task-8] d.a.g.services.jpa.TaskService           : Fixed rate async task 7000ms
2024-02-06T11:39:15.939+01:00  INFO 21944 --- [SpringApplicationShutdownHook] j.LocalContainerEntityManagerFactoryBean : Closing JPA EntityManagerFactory for persistence unit 'default'
2024-02-06T11:39:15.943+01:00  INFO 21944 --- [SpringApplicationShutdownHook] com.zaxxer.hikari.HikariDataSource       : HikariPool-1 - Shutdown initiated...
2024-02-06T11:39:15.937+01:00 ERROR 21944 --- [task-8] .a.i.SimpleAsyncUncaughtExceptionHandler : Unexpected exception occurred invoking async method: public void de.aittr.g_31_2_shop.scheduling.ScheduleExecutor.fixedRateTask()

java.lang.RuntimeException: java.lang.InterruptedException: sleep interrupted
	at de.aittr.g_31_2_shop.scheduling.ScheduleExecutor.fixedRateTask(ScheduleExecutor.java:67) ~[classes/:na]
	at java.base/jdk.internal.reflect.NativeMethodAccessorImpl.invoke0(Native Method) ~[na:na]
	at java.base/jdk.internal.reflect.NativeMethodAccessorImpl.invoke(NativeMethodAccessorImpl.java:77) ~[na:na]
	at java.base/jdk.internal.reflect.DelegatingMethodAccessorImpl.invoke(DelegatingMethodAccessorImpl.java:43) ~[na:na]
	at java.base/java.lang.reflect.Method.invoke(Method.java:568) ~[na:na]
	at org.springframework.aop.support.AopUtils.invokeJoinpointUsingReflection(AopUtils.java:343) ~[spring-aop-6.0.13.jar:6.0.13]
	at org.springframework.aop.framework.ReflectiveMethodInvocation.invokeJoinpoint(ReflectiveMethodInvocation.java:196) ~[spring-aop-6.0.13.jar:6.0.13]
	at org.springframework.aop.framework.ReflectiveMethodInvocation.proceed(ReflectiveMethodInvocation.java:163) ~[spring-aop-6.0.13.jar:6.0.13]
	at org.springframework.aop.framework.CglibAopProxy$CglibMethodInvocation.proceed(CglibAopProxy.java:751) ~[spring-aop-6.0.13.jar:6.0.13]
	at org.springframework.aop.interceptor.AsyncExecutionInterceptor.lambda$invoke$0(AsyncExecutionInterceptor.java:115) ~[spring-aop-6.0.13.jar:6.0.13]
	at java.base/java.util.concurrent.FutureTask.run(FutureTask.java:264) ~[na:na]
	at java.base/java.util.concurrent.ThreadPoolExecutor.runWorker(ThreadPoolExecutor.java:1136) ~[na:na]
	at java.base/java.util.concurrent.ThreadPoolExecutor$Worker.run(ThreadPoolExecutor.java:635) ~[na:na]
	at java.base/java.lang.Thread.run(Thread.java:840) ~[na:na]
Caused by: java.lang.InterruptedException: sleep interrupted
	at java.base/java.lang.Thread.sleep(Native Method) ~[na:na]
	at de.aittr.g_31_2_shop.scheduling.ScheduleExecutor.fixedRateTask(ScheduleExecutor.java:65) ~[classes/:na]
	... 13 common frames omitted

2024-02-06T11:39:15.954+01:00  INFO 21944 --- [SpringApplicationShutdownHook] com.zaxxer.hikari.HikariDataSource       : HikariPool-1 - Shutdown completed.
2024-02-06T11:48:50.896+01:00  INFO 8140 --- [main] d.aittr.g_31_2_shop.G312ShopApplication  : Starting G312ShopApplication using Java 17.0.9 with PID 8140 (C:\AIT\Back-end\g_31_2_shop\target\classes started by Тетяна in C:\AIT\Back-end\g_31_2_shop)
2024-02-06T11:48:50.898+01:00  INFO 8140 --- [main] d.aittr.g_31_2_shop.G312ShopApplication  : No active profile set, falling back to 1 default profile: "default"
2024-02-06T11:48:51.610+01:00  INFO 8140 --- [main] .s.d.r.c.RepositoryConfigurationDelegate : Bootstrapping Spring Data JPA repositories in DEFAULT mode.
2024-02-06T11:48:51.680+01:00  INFO 8140 --- [main] .s.d.r.c.RepositoryConfigurationDelegate : Finished Spring Data repository scanning in 62 ms. Found 3 JPA repository interfaces.
2024-02-06T11:48:52.378+01:00  INFO 8140 --- [main] o.s.b.w.embedded.tomcat.TomcatWebServer  : Tomcat initialized with port(s): 8080 (http)
2024-02-06T11:48:52.389+01:00  INFO 8140 --- [main] o.apache.catalina.core.StandardService   : Starting service [Tomcat]
2024-02-06T11:48:52.390+01:00  INFO 8140 --- [main] o.apache.catalina.core.StandardEngine    : Starting Servlet engine: [Apache Tomcat/10.1.15]
2024-02-06T11:48:52.492+01:00  INFO 8140 --- [main] o.a.c.c.C.[Tomcat].[localhost].[/]       : Initializing Spring embedded WebApplicationContext
2024-02-06T11:48:52.493+01:00  INFO 8140 --- [main] w.s.c.ServletWebServerApplicationContext : Root WebApplicationContext: initialization completed in 1552 ms
2024-02-06T11:48:52.658+01:00  INFO 8140 --- [main] o.hibernate.jpa.internal.util.LogHelper  : HHH000204: Processing PersistenceUnitInfo [name: default]
2024-02-06T11:48:52.712+01:00  INFO 8140 --- [main] org.hibernate.Version                    : HHH000412: Hibernate ORM core version 6.2.13.Final
2024-02-06T11:48:52.713+01:00  INFO 8140 --- [main] org.hibernate.cfg.Environment            : HHH000406: Using bytecode reflection optimizer
2024-02-06T11:48:52.976+01:00  INFO 8140 --- [main] o.s.o.j.p.SpringPersistenceUnitInfo      : No LoadTimeWeaver setup: ignoring JPA class transformer
2024-02-06T11:48:53.006+01:00  INFO 8140 --- [main] com.zaxxer.hikari.HikariDataSource       : HikariPool-1 - Starting...
2024-02-06T11:48:53.308+01:00  INFO 8140 --- [main] com.zaxxer.hikari.pool.HikariPool        : HikariPool-1 - Added connection com.mysql.cj.jdbc.ConnectionImpl@7e3ee128
2024-02-06T11:48:53.310+01:00  INFO 8140 --- [main] com.zaxxer.hikari.HikariDataSource       : HikariPool-1 - Start completed.
2024-02-06T11:48:54.302+01:00  INFO 8140 --- [main] o.h.e.t.j.p.i.JtaPlatformInitiator       : HHH000489: No JTA platform available (set 'hibernate.transaction.jta.platform' to enable JTA platform integration)
2024-02-06T11:48:54.304+01:00  INFO 8140 --- [main] j.LocalContainerEntityManagerFactoryBean : Initialized JPA EntityManagerFactory for persistence unit 'default'
2024-02-06T11:48:54.758+01:00  WARN 8140 --- [main] JpaBaseConfiguration$JpaWebConfiguration : spring.jpa.open-in-view is enabled by default. Therefore, database queries may be performed during view rendering. Explicitly configure spring.jpa.open-in-view to disable this warning
2024-02-06T11:48:55.125+01:00  INFO 8140 --- [main] o.s.b.w.embedded.tomcat.TomcatWebServer  : Tomcat started on port(s): 8080 (http) with context path ''
2024-02-06T11:48:55.135+01:00  INFO 8140 --- [main] d.aittr.g_31_2_shop.G312ShopApplication  : Started G312ShopApplication in 4.628 seconds (process running for 4.963)
2024-02-06T11:49:15.138+01:00  INFO 8140 --- [scheduling-1] d.a.g.services.jpa.TaskService           : Initial delete  task 
2024-02-06T11:49:20.220+01:00  INFO 8140 --- [scheduling-1] d.a.g.services.jpa.TaskService           : Initial delete  task 
2024-02-06T11:49:25.237+01:00  INFO 8140 --- [scheduling-1] d.a.g.services.jpa.TaskService           : Initial delete  task 
2024-02-06T11:49:30.253+01:00  INFO 8140 --- [scheduling-1] d.a.g.services.jpa.TaskService           : Initial delete  task 
2024-02-06T11:49:35.271+01:00  INFO 8140 --- [scheduling-1] d.a.g.services.jpa.TaskService           : Initial delete  task 
2024-02-06T11:49:40.290+01:00  INFO 8140 --- [scheduling-1] d.a.g.services.jpa.TaskService           : Initial delete  task 
2024-02-06T11:49:41.698+01:00  INFO 8140 --- [SpringApplicationShutdownHook] j.LocalContainerEntityManagerFactoryBean : Closing JPA EntityManagerFactory for persistence unit 'default'
2024-02-06T11:49:41.700+01:00  INFO 8140 --- [SpringApplicationShutdownHook] com.zaxxer.hikari.HikariDataSource       : HikariPool-1 - Shutdown initiated...
2024-02-06T11:49:41.708+01:00  INFO 8140 --- [SpringApplicationShutdownHook] com.zaxxer.hikari.HikariDataSource       : HikariPool-1 - Shutdown completed.
2024-02-06T11:57:58.155+01:00  INFO 7276 --- [main] d.aittr.g_31_2_shop.G312ShopApplication  : Starting G312ShopApplication using Java 17.0.9 with PID 7276 (C:\AIT\Back-end\g_31_2_shop\target\classes started by Тетяна in C:\AIT\Back-end\g_31_2_shop)
2024-02-06T11:57:58.158+01:00  INFO 7276 --- [main] d.aittr.g_31_2_shop.G312ShopApplication  : No active profile set, falling back to 1 default profile: "default"
2024-02-06T11:57:58.885+01:00  INFO 7276 --- [main] .s.d.r.c.RepositoryConfigurationDelegate : Bootstrapping Spring Data JPA repositories in DEFAULT mode.
2024-02-06T11:57:58.964+01:00  INFO 7276 --- [main] .s.d.r.c.RepositoryConfigurationDelegate : Finished Spring Data repository scanning in 69 ms. Found 3 JPA repository interfaces.
2024-02-06T11:57:59.694+01:00  INFO 7276 --- [main] o.s.b.w.embedded.tomcat.TomcatWebServer  : Tomcat initialized with port(s): 8080 (http)
2024-02-06T11:57:59.703+01:00  INFO 7276 --- [main] o.apache.catalina.core.StandardService   : Starting service [Tomcat]
2024-02-06T11:57:59.703+01:00  INFO 7276 --- [main] o.apache.catalina.core.StandardEngine    : Starting Servlet engine: [Apache Tomcat/10.1.15]
2024-02-06T11:57:59.806+01:00  INFO 7276 --- [main] o.a.c.c.C.[Tomcat].[localhost].[/]       : Initializing Spring embedded WebApplicationContext
2024-02-06T11:57:59.806+01:00  INFO 7276 --- [main] w.s.c.ServletWebServerApplicationContext : Root WebApplicationContext: initialization completed in 1598 ms
2024-02-06T11:57:59.982+01:00  INFO 7276 --- [main] o.hibernate.jpa.internal.util.LogHelper  : HHH000204: Processing PersistenceUnitInfo [name: default]
2024-02-06T11:58:00.036+01:00  INFO 7276 --- [main] org.hibernate.Version                    : HHH000412: Hibernate ORM core version 6.2.13.Final
2024-02-06T11:58:00.038+01:00  INFO 7276 --- [main] org.hibernate.cfg.Environment            : HHH000406: Using bytecode reflection optimizer
2024-02-06T11:58:00.312+01:00  INFO 7276 --- [main] o.s.o.j.p.SpringPersistenceUnitInfo      : No LoadTimeWeaver setup: ignoring JPA class transformer
2024-02-06T11:58:00.349+01:00  INFO 7276 --- [main] com.zaxxer.hikari.HikariDataSource       : HikariPool-1 - Starting...
2024-02-06T11:58:00.704+01:00  INFO 7276 --- [main] com.zaxxer.hikari.pool.HikariPool        : HikariPool-1 - Added connection com.mysql.cj.jdbc.ConnectionImpl@cd5ff55
2024-02-06T11:58:00.707+01:00  INFO 7276 --- [main] com.zaxxer.hikari.HikariDataSource       : HikariPool-1 - Start completed.
2024-02-06T11:58:01.738+01:00  INFO 7276 --- [main] o.h.e.t.j.p.i.JtaPlatformInitiator       : HHH000489: No JTA platform available (set 'hibernate.transaction.jta.platform' to enable JTA platform integration)
2024-02-06T11:58:01.741+01:00  INFO 7276 --- [main] j.LocalContainerEntityManagerFactoryBean : Initialized JPA EntityManagerFactory for persistence unit 'default'
2024-02-06T11:58:02.214+01:00  WARN 7276 --- [main] JpaBaseConfiguration$JpaWebConfiguration : spring.jpa.open-in-view is enabled by default. Therefore, database queries may be performed during view rendering. Explicitly configure spring.jpa.open-in-view to disable this warning
2024-02-06T11:58:02.581+01:00  INFO 7276 --- [main] o.s.b.w.embedded.tomcat.TomcatWebServer  : Tomcat started on port(s): 8080 (http) with context path ''
2024-02-06T11:58:02.591+01:00  INFO 7276 --- [scheduling-1] d.a.g.services.jpa.TaskService           : Another delay format  task 
2024-02-06T11:58:02.592+01:00  INFO 7276 --- [main] d.aittr.g_31_2_shop.G312ShopApplication  : Started G312ShopApplication in 4.845 seconds (process running for 5.182)
2024-02-06T11:58:05.674+01:00  INFO 7276 --- [scheduling-1] d.a.g.services.jpa.TaskService           : Another delay format  task 
2024-02-06T11:58:08.682+01:00  INFO 7276 --- [scheduling-1] d.a.g.services.jpa.TaskService           : Another delay format  task 
2024-02-06T11:58:11.693+01:00  INFO 7276 --- [scheduling-1] d.a.g.services.jpa.TaskService           : Another delay format  task 
2024-02-06T11:58:14.715+01:00  INFO 7276 --- [scheduling-1] d.a.g.services.jpa.TaskService           : Another delay format  task 
2024-02-06T11:58:17.724+01:00  INFO 7276 --- [scheduling-1] d.a.g.services.jpa.TaskService           : Another delay format  task 
2024-02-06T11:58:20.741+01:00  INFO 7276 --- [scheduling-1] d.a.g.services.jpa.TaskService           : Another delay format  task 
2024-02-06T11:58:23.343+01:00  INFO 7276 --- [SpringApplicationShutdownHook] j.LocalContainerEntityManagerFactoryBean : Closing JPA EntityManagerFactory for persistence unit 'default'
2024-02-06T11:58:23.346+01:00  INFO 7276 --- [SpringApplicationShutdownHook] com.zaxxer.hikari.HikariDataSource       : HikariPool-1 - Shutdown initiated...
2024-02-06T11:58:23.352+01:00  INFO 7276 --- [SpringApplicationShutdownHook] com.zaxxer.hikari.HikariDataSource       : HikariPool-1 - Shutdown completed.
2024-02-06T12:31:20.378+01:00  INFO 25592 --- [main] d.aittr.g_31_2_shop.G312ShopApplication  : Starting G312ShopApplication using Java 17.0.9 with PID 25592 (C:\AIT\Back-end\g_31_2_shop\target\classes started by Тетяна in C:\AIT\Back-end\g_31_2_shop)
2024-02-06T12:31:20.381+01:00  INFO 25592 --- [main] d.aittr.g_31_2_shop.G312ShopApplication  : No active profile set, falling back to 1 default profile: "default"
2024-02-06T12:31:21.185+01:00  INFO 25592 --- [main] .s.d.r.c.RepositoryConfigurationDelegate : Bootstrapping Spring Data JPA repositories in DEFAULT mode.
2024-02-06T12:31:21.260+01:00  INFO 25592 --- [main] .s.d.r.c.RepositoryConfigurationDelegate : Finished Spring Data repository scanning in 66 ms. Found 3 JPA repository interfaces.
2024-02-06T12:31:21.948+01:00  INFO 25592 --- [main] o.s.b.w.embedded.tomcat.TomcatWebServer  : Tomcat initialized with port(s): 8080 (http)
2024-02-06T12:31:21.958+01:00  INFO 25592 --- [main] o.apache.catalina.core.StandardService   : Starting service [Tomcat]
2024-02-06T12:31:21.959+01:00  INFO 25592 --- [main] o.apache.catalina.core.StandardEngine    : Starting Servlet engine: [Apache Tomcat/10.1.15]
2024-02-06T12:31:22.077+01:00  INFO 25592 --- [main] o.a.c.c.C.[Tomcat].[localhost].[/]       : Initializing Spring embedded WebApplicationContext
2024-02-06T12:31:22.078+01:00  INFO 25592 --- [main] w.s.c.ServletWebServerApplicationContext : Root WebApplicationContext: initialization completed in 1628 ms
2024-02-06T12:31:22.281+01:00  INFO 25592 --- [main] o.hibernate.jpa.internal.util.LogHelper  : HHH000204: Processing PersistenceUnitInfo [name: default]
2024-02-06T12:31:22.339+01:00  INFO 25592 --- [main] org.hibernate.Version                    : HHH000412: Hibernate ORM core version 6.2.13.Final
2024-02-06T12:31:22.341+01:00  INFO 25592 --- [main] org.hibernate.cfg.Environment            : HHH000406: Using bytecode reflection optimizer
2024-02-06T12:31:22.631+01:00  INFO 25592 --- [main] o.s.o.j.p.SpringPersistenceUnitInfo      : No LoadTimeWeaver setup: ignoring JPA class transformer
2024-02-06T12:31:22.658+01:00  INFO 25592 --- [main] com.zaxxer.hikari.HikariDataSource       : HikariPool-1 - Starting...
2024-02-06T12:31:22.948+01:00  INFO 25592 --- [main] com.zaxxer.hikari.pool.HikariPool        : HikariPool-1 - Added connection com.mysql.cj.jdbc.ConnectionImpl@7ed7ae
2024-02-06T12:31:22.949+01:00  INFO 25592 --- [main] com.zaxxer.hikari.HikariDataSource       : HikariPool-1 - Start completed.
2024-02-06T12:31:23.897+01:00  INFO 25592 --- [main] o.h.e.t.j.p.i.JtaPlatformInitiator       : HHH000489: No JTA platform available (set 'hibernate.transaction.jta.platform' to enable JTA platform integration)
2024-02-06T12:31:23.899+01:00  INFO 25592 --- [main] j.LocalContainerEntityManagerFactoryBean : Initialized JPA EntityManagerFactory for persistence unit 'default'
2024-02-06T12:31:24.337+01:00  WARN 25592 --- [main] JpaBaseConfiguration$JpaWebConfiguration : spring.jpa.open-in-view is enabled by default. Therefore, database queries may be performed during view rendering. Explicitly configure spring.jpa.open-in-view to disable this warning
2024-02-06T12:31:24.653+01:00  INFO 25592 --- [main] o.s.b.w.embedded.tomcat.TomcatWebServer  : Tomcat started on port(s): 8080 (http) with context path ''
2024-02-06T12:31:24.664+01:00  INFO 25592 --- [main] d.aittr.g_31_2_shop.G312ShopApplication  : Started G312ShopApplication in 4.705 seconds (process running for 5.04)
2024-02-06T12:31:30.006+01:00  INFO 25592 --- [scheduling-1] d.a.g.services.jpa.TaskService           : Cron expression  task 
2024-02-06T12:32:10.009+01:00  INFO 25592 --- [scheduling-1] d.a.g.services.jpa.TaskService           : Cron expression  task 
2024-02-06T12:32:16.454+01:00  INFO 25592 --- [SpringApplicationShutdownHook] j.LocalContainerEntityManagerFactoryBean : Closing JPA EntityManagerFactory for persistence unit 'default'
2024-02-06T12:32:16.455+01:00  INFO 25592 --- [SpringApplicationShutdownHook] com.zaxxer.hikari.HikariDataSource       : HikariPool-1 - Shutdown initiated...
2024-02-06T12:32:16.461+01:00  INFO 25592 --- [SpringApplicationShutdownHook] com.zaxxer.hikari.HikariDataSource       : HikariPool-1 - Shutdown completed.
2024-02-06T12:49:37.965+01:00  INFO 19104 --- [main] d.aittr.g_31_2_shop.G312ShopApplication  : Starting G312ShopApplication using Java 17.0.9 with PID 19104 (C:\AIT\Back-end\g_31_2_shop\target\classes started by Тетяна in C:\AIT\Back-end\g_31_2_shop)
2024-02-06T12:49:37.968+01:00  INFO 19104 --- [main] d.aittr.g_31_2_shop.G312ShopApplication  : No active profile set, falling back to 1 default profile: "default"
2024-02-06T12:49:38.687+01:00  INFO 19104 --- [main] .s.d.r.c.RepositoryConfigurationDelegate : Bootstrapping Spring Data JPA repositories in DEFAULT mode.
2024-02-06T12:49:38.762+01:00  INFO 19104 --- [main] .s.d.r.c.RepositoryConfigurationDelegate : Finished Spring Data repository scanning in 66 ms. Found 3 JPA repository interfaces.
2024-02-06T12:49:39.453+01:00  INFO 19104 --- [main] o.s.b.w.embedded.tomcat.TomcatWebServer  : Tomcat initialized with port(s): 8080 (http)
2024-02-06T12:49:39.464+01:00  INFO 19104 --- [main] o.apache.catalina.core.StandardService   : Starting service [Tomcat]
2024-02-06T12:49:39.464+01:00  INFO 19104 --- [main] o.apache.catalina.core.StandardEngine    : Starting Servlet engine: [Apache Tomcat/10.1.15]
2024-02-06T12:49:39.558+01:00  INFO 19104 --- [main] o.a.c.c.C.[Tomcat].[localhost].[/]       : Initializing Spring embedded WebApplicationContext
2024-02-06T12:49:39.559+01:00  INFO 19104 --- [main] w.s.c.ServletWebServerApplicationContext : Root WebApplicationContext: initialization completed in 1545 ms
2024-02-06T12:49:39.706+01:00  INFO 19104 --- [main] o.hibernate.jpa.internal.util.LogHelper  : HHH000204: Processing PersistenceUnitInfo [name: default]
2024-02-06T12:49:39.757+01:00  INFO 19104 --- [main] org.hibernate.Version                    : HHH000412: Hibernate ORM core version 6.2.13.Final
2024-02-06T12:49:39.760+01:00  INFO 19104 --- [main] org.hibernate.cfg.Environment            : HHH000406: Using bytecode reflection optimizer
2024-02-06T12:49:40.023+01:00  INFO 19104 --- [main] o.s.o.j.p.SpringPersistenceUnitInfo      : No LoadTimeWeaver setup: ignoring JPA class transformer
2024-02-06T12:49:40.052+01:00  INFO 19104 --- [main] com.zaxxer.hikari.HikariDataSource       : HikariPool-1 - Starting...
2024-02-06T12:49:40.336+01:00  INFO 19104 --- [main] com.zaxxer.hikari.pool.HikariPool        : HikariPool-1 - Added connection com.mysql.cj.jdbc.ConnectionImpl@cdbe995
2024-02-06T12:49:40.339+01:00  INFO 19104 --- [main] com.zaxxer.hikari.HikariDataSource       : HikariPool-1 - Start completed.
2024-02-06T12:49:41.297+01:00  INFO 19104 --- [main] o.h.e.t.j.p.i.JtaPlatformInitiator       : HHH000489: No JTA platform available (set 'hibernate.transaction.jta.platform' to enable JTA platform integration)
2024-02-06T12:49:41.300+01:00  INFO 19104 --- [main] j.LocalContainerEntityManagerFactoryBean : Initialized JPA EntityManagerFactory for persistence unit 'default'
2024-02-06T12:49:41.762+01:00  WARN 19104 --- [main] JpaBaseConfiguration$JpaWebConfiguration : spring.jpa.open-in-view is enabled by default. Therefore, database queries may be performed during view rendering. Explicitly configure spring.jpa.open-in-view to disable this warning
2024-02-06T12:49:42.237+01:00  INFO 19104 --- [main] o.s.b.w.embedded.tomcat.TomcatWebServer  : Tomcat started on port(s): 8080 (http) with context path ''
2024-02-06T12:49:42.253+01:00  INFO 19104 --- [main] d.aittr.g_31_2_shop.G312ShopApplication  : Started G312ShopApplication in 4.693 seconds (process running for 5.026)
2024-02-06T12:50:07.019+01:00  INFO 19104 --- [http-nio-8080-exec-2] o.a.c.c.C.[Tomcat].[localhost].[/]       : Initializing Spring DispatcherServlet 'dispatcherServlet'
2024-02-06T12:50:07.019+01:00  INFO 19104 --- [http-nio-8080-exec-2] o.s.web.servlet.DispatcherServlet        : Initializing Servlet 'dispatcherServlet'
2024-02-06T12:50:07.022+01:00  INFO 19104 --- [http-nio-8080-exec-2] o.s.web.servlet.DispatcherServlet        : Completed initialization in 1 ms
2024-02-06T12:50:07.058+01:00  INFO 19104 --- [http-nio-8080-exec-2] d.a.g_31_2_shop.logging.AspectLogging    : Вызван метод getAllActiveProducts
2024-02-06T12:50:10.005+01:00  INFO 19104 --- [pool-4-thread-1] java.util.concurrent.ScheduledFuture     : Method getAllActiveProducts called
2024-02-06T12:50:20.004+01:00  INFO 19104 --- [pool-4-thread-1] java.util.concurrent.ScheduledFuture     : Method getAllActiveProducts called
2024-02-06T12:50:30.010+01:00  INFO 19104 --- [pool-4-thread-1] java.util.concurrent.ScheduledFuture     : Method getAllActiveProducts called
2024-02-06T12:50:40.012+01:00  INFO 19104 --- [pool-4-thread-1] java.util.concurrent.ScheduledFuture     : Method getAllActiveProducts called
2024-02-06T12:50:44.006+01:00  INFO 19104 --- [SpringApplicationShutdownHook] j.LocalContainerEntityManagerFactoryBean : Closing JPA EntityManagerFactory for persistence unit 'default'
2024-02-06T12:50:44.008+01:00  INFO 19104 --- [SpringApplicationShutdownHook] com.zaxxer.hikari.HikariDataSource       : HikariPool-1 - Shutdown initiated...
2024-02-06T12:50:44.013+01:00  INFO 19104 --- [SpringApplicationShutdownHook] com.zaxxer.hikari.HikariDataSource       : HikariPool-1 - Shutdown completed.
2024-02-06T15:54:35.570+01:00  INFO 28532 --- [main] d.aittr.g_31_2_shop.G312ShopApplication  : Starting G312ShopApplication using Java 17.0.9 with PID 28532 (C:\AIT\Back-end\g_31_2_shop\target\classes started by Тетяна in C:\AIT\Back-end\g_31_2_shop)
2024-02-06T15:54:35.572+01:00  INFO 28532 --- [main] d.aittr.g_31_2_shop.G312ShopApplication  : No active profile set, falling back to 1 default profile: "default"
2024-02-06T15:54:36.382+01:00  INFO 28532 --- [main] .s.d.r.c.RepositoryConfigurationDelegate : Bootstrapping Spring Data JPA repositories in DEFAULT mode.
2024-02-06T15:54:36.452+01:00  INFO 28532 --- [main] .s.d.r.c.RepositoryConfigurationDelegate : Finished Spring Data repository scanning in 63 ms. Found 3 JPA repository interfaces.
2024-02-06T15:54:37.133+01:00  INFO 28532 --- [main] o.s.b.w.embedded.tomcat.TomcatWebServer  : Tomcat initialized with port(s): 8080 (http)
2024-02-06T15:54:37.142+01:00  INFO 28532 --- [main] o.apache.catalina.core.StandardService   : Starting service [Tomcat]
2024-02-06T15:54:37.142+01:00  INFO 28532 --- [main] o.apache.catalina.core.StandardEngine    : Starting Servlet engine: [Apache Tomcat/10.1.15]
2024-02-06T15:54:37.240+01:00  INFO 28532 --- [main] o.a.c.c.C.[Tomcat].[localhost].[/]       : Initializing Spring embedded WebApplicationContext
2024-02-06T15:54:37.241+01:00  INFO 28532 --- [main] w.s.c.ServletWebServerApplicationContext : Root WebApplicationContext: initialization completed in 1610 ms
2024-02-06T15:54:37.392+01:00  INFO 28532 --- [main] o.hibernate.jpa.internal.util.LogHelper  : HHH000204: Processing PersistenceUnitInfo [name: default]
2024-02-06T15:54:37.447+01:00  INFO 28532 --- [main] org.hibernate.Version                    : HHH000412: Hibernate ORM core version 6.2.13.Final
2024-02-06T15:54:37.451+01:00  INFO 28532 --- [main] org.hibernate.cfg.Environment            : HHH000406: Using bytecode reflection optimizer
2024-02-06T15:54:37.695+01:00  INFO 28532 --- [main] o.s.o.j.p.SpringPersistenceUnitInfo      : No LoadTimeWeaver setup: ignoring JPA class transformer
2024-02-06T15:54:37.719+01:00  INFO 28532 --- [main] com.zaxxer.hikari.HikariDataSource       : HikariPool-1 - Starting...
2024-02-06T15:54:38.004+01:00  INFO 28532 --- [main] com.zaxxer.hikari.pool.HikariPool        : HikariPool-1 - Added connection com.mysql.cj.jdbc.ConnectionImpl@4b691611
2024-02-06T15:54:38.006+01:00  INFO 28532 --- [main] com.zaxxer.hikari.HikariDataSource       : HikariPool-1 - Start completed.
2024-02-06T15:54:38.873+01:00  INFO 28532 --- [main] o.h.e.t.j.p.i.JtaPlatformInitiator       : HHH000489: No JTA platform available (set 'hibernate.transaction.jta.platform' to enable JTA platform integration)
2024-02-06T15:54:38.875+01:00  INFO 28532 --- [main] j.LocalContainerEntityManagerFactoryBean : Initialized JPA EntityManagerFactory for persistence unit 'default'
2024-02-06T15:54:39.341+01:00  WARN 28532 --- [main] JpaBaseConfiguration$JpaWebConfiguration : spring.jpa.open-in-view is enabled by default. Therefore, database queries may be performed during view rendering. Explicitly configure spring.jpa.open-in-view to disable this warning
2024-02-06T15:54:39.664+01:00  INFO 28532 --- [main] o.s.b.w.embedded.tomcat.TomcatWebServer  : Tomcat started on port(s): 8080 (http) with context path ''
2024-02-06T15:54:39.674+01:00  INFO 28532 --- [main] d.aittr.g_31_2_shop.G312ShopApplication  : Started G312ShopApplication in 4.509 seconds (process running for 5.172)
2024-02-06T15:54:51.751+01:00  INFO 28532 --- [http-nio-8080-exec-1] o.a.c.c.C.[Tomcat].[localhost].[/]       : Initializing Spring DispatcherServlet 'dispatcherServlet'
2024-02-06T15:54:51.751+01:00  INFO 28532 --- [http-nio-8080-exec-1] o.s.web.servlet.DispatcherServlet        : Initializing Servlet 'dispatcherServlet'
2024-02-06T15:54:51.752+01:00  INFO 28532 --- [http-nio-8080-exec-1] o.s.web.servlet.DispatcherServlet        : Completed initialization in 1 ms
2024-02-06T15:54:51.784+01:00  INFO 28532 --- [http-nio-8080-exec-1] d.a.g.services.jpa.JpaProductService     : Запрошен продукт с идентификатором 3
2024-02-06T15:55:24.257+01:00  INFO 28532 --- [SpringApplicationShutdownHook] j.LocalContainerEntityManagerFactoryBean : Closing JPA EntityManagerFactory for persistence unit 'default'
2024-02-06T15:55:24.259+01:00  INFO 28532 --- [SpringApplicationShutdownHook] com.zaxxer.hikari.HikariDataSource       : HikariPool-1 - Shutdown initiated...
2024-02-06T15:55:24.265+01:00  INFO 28532 --- [SpringApplicationShutdownHook] com.zaxxer.hikari.HikariDataSource       : HikariPool-1 - Shutdown completed.
2024-02-06T16:01:37.444+01:00  INFO 22264 --- [main] d.aittr.g_31_2_shop.G312ShopApplication  : Starting G312ShopApplication using Java 17.0.9 with PID 22264 (C:\AIT\Back-end\g_31_2_shop\target\classes started by Тетяна in C:\AIT\Back-end\g_31_2_shop)
2024-02-06T16:01:37.446+01:00  INFO 22264 --- [main] d.aittr.g_31_2_shop.G312ShopApplication  : No active profile set, falling back to 1 default profile: "default"
2024-02-06T16:01:38.110+01:00  INFO 22264 --- [main] .s.d.r.c.RepositoryConfigurationDelegate : Bootstrapping Spring Data JPA repositories in DEFAULT mode.
2024-02-06T16:01:38.179+01:00  INFO 22264 --- [main] .s.d.r.c.RepositoryConfigurationDelegate : Finished Spring Data repository scanning in 60 ms. Found 3 JPA repository interfaces.
2024-02-06T16:01:38.856+01:00  INFO 22264 --- [main] o.s.b.w.embedded.tomcat.TomcatWebServer  : Tomcat initialized with port(s): 8080 (http)
2024-02-06T16:01:38.865+01:00  INFO 22264 --- [main] o.apache.catalina.core.StandardService   : Starting service [Tomcat]
2024-02-06T16:01:38.865+01:00  INFO 22264 --- [main] o.apache.catalina.core.StandardEngine    : Starting Servlet engine: [Apache Tomcat/10.1.15]
2024-02-06T16:01:38.960+01:00  INFO 22264 --- [main] o.a.c.c.C.[Tomcat].[localhost].[/]       : Initializing Spring embedded WebApplicationContext
2024-02-06T16:01:38.960+01:00  INFO 22264 --- [main] w.s.c.ServletWebServerApplicationContext : Root WebApplicationContext: initialization completed in 1475 ms
2024-02-06T16:01:39.114+01:00  INFO 22264 --- [main] o.hibernate.jpa.internal.util.LogHelper  : HHH000204: Processing PersistenceUnitInfo [name: default]
2024-02-06T16:01:39.163+01:00  INFO 22264 --- [main] org.hibernate.Version                    : HHH000412: Hibernate ORM core version 6.2.13.Final
2024-02-06T16:01:39.164+01:00  INFO 22264 --- [main] org.hibernate.cfg.Environment            : HHH000406: Using bytecode reflection optimizer
2024-02-06T16:01:39.419+01:00  INFO 22264 --- [main] o.s.o.j.p.SpringPersistenceUnitInfo      : No LoadTimeWeaver setup: ignoring JPA class transformer
2024-02-06T16:01:39.445+01:00  INFO 22264 --- [main] com.zaxxer.hikari.HikariDataSource       : HikariPool-1 - Starting...
2024-02-06T16:01:39.699+01:00  INFO 22264 --- [main] com.zaxxer.hikari.pool.HikariPool        : HikariPool-1 - Added connection com.mysql.cj.jdbc.ConnectionImpl@cdbe995
2024-02-06T16:01:39.701+01:00  INFO 22264 --- [main] com.zaxxer.hikari.HikariDataSource       : HikariPool-1 - Start completed.
2024-02-06T16:01:40.535+01:00  INFO 22264 --- [main] o.h.e.t.j.p.i.JtaPlatformInitiator       : HHH000489: No JTA platform available (set 'hibernate.transaction.jta.platform' to enable JTA platform integration)
2024-02-06T16:01:40.537+01:00  INFO 22264 --- [main] j.LocalContainerEntityManagerFactoryBean : Initialized JPA EntityManagerFactory for persistence unit 'default'
2024-02-06T16:01:40.992+01:00  WARN 22264 --- [main] JpaBaseConfiguration$JpaWebConfiguration : spring.jpa.open-in-view is enabled by default. Therefore, database queries may be performed during view rendering. Explicitly configure spring.jpa.open-in-view to disable this warning
2024-02-06T16:01:41.296+01:00  INFO 22264 --- [main] o.s.b.w.embedded.tomcat.TomcatWebServer  : Tomcat started on port(s): 8080 (http) with context path ''
2024-02-06T16:01:41.306+01:00  INFO 22264 --- [main] d.aittr.g_31_2_shop.G312ShopApplication  : Started G312ShopApplication in 4.234 seconds (process running for 4.591)
2024-02-06T16:01:44.994+01:00  INFO 22264 --- [http-nio-8080-exec-1] o.a.c.c.C.[Tomcat].[localhost].[/]       : Initializing Spring DispatcherServlet 'dispatcherServlet'
2024-02-06T16:01:44.995+01:00  INFO 22264 --- [http-nio-8080-exec-1] o.s.web.servlet.DispatcherServlet        : Initializing Servlet 'dispatcherServlet'
2024-02-06T16:01:44.996+01:00  INFO 22264 --- [http-nio-8080-exec-1] o.s.web.servlet.DispatcherServlet        : Completed initialization in 1 ms
2024-02-06T16:01:45.031+01:00  INFO 22264 --- [http-nio-8080-exec-1] d.a.g.services.jpa.JpaProductService     : Запрошен продукт с идентификатором 10
2024-02-06T16:01:45.082+01:00  WARN 22264 --- [http-nio-8080-exec-1] d.a.g.services.jpa.JpaProductService     : Запрошен продукт с идентификатором 10
2024-02-06T16:02:44.939+01:00  INFO 22264 --- [SpringApplicationShutdownHook] j.LocalContainerEntityManagerFactoryBean : Closing JPA EntityManagerFactory for persistence unit 'default'
2024-02-06T16:02:44.941+01:00  INFO 22264 --- [SpringApplicationShutdownHook] com.zaxxer.hikari.HikariDataSource       : HikariPool-1 - Shutdown initiated...
2024-02-06T16:02:44.947+01:00  INFO 22264 --- [SpringApplicationShutdownHook] com.zaxxer.hikari.HikariDataSource       : HikariPool-1 - Shutdown completed.
